c:\users\dell\source\repos\lms\lms\release\vc141.pdb
c:\users\dell\source\repos\lms\lms\release\removemember.obj
c:\users\dell\source\repos\lms\lms\release\removebook.obj
c:\users\dell\source\repos\lms\lms\release\login.obj
c:\users\dell\source\repos\lms\lms\release\issuelist.obj
c:\users\dell\source\repos\lms\lms\release\issuebook.obj
c:\users\dell\source\repos\lms\lms\release\home.obj
c:\users\dell\source\repos\lms\lms\release\depositbook.obj
c:\users\dell\source\repos\lms\lms\release\addmember.obj
c:\users\dell\source\repos\lms\lms\release\addbook.obj
c:\users\dell\source\repos\lms\lms\release\.netframework,version=v4.6.1.assemblyattributes.obj
c:\users\dell\source\repos\lms\lms\release\.netframework,version=v4.6.1.assemblyattributes.asm
c:\users\dell\source\repos\lms\release\lms.exe
c:\users\dell\source\repos\lms\release\lms.pdb
c:\users\dell\source\repos\lms\release\mysql.data.dll
c:\users\dell\source\repos\lms\lms\release\lms.addbook.resources
c:\users\dell\source\repos\lms\lms\release\lms.addmember.resources
c:\users\dell\source\repos\lms\lms\release\lms.depositbook.resources
c:\users\dell\source\repos\lms\lms\release\lms.home.resources
c:\users\dell\source\repos\lms\lms\release\lms.issuebook.resources
c:\users\dell\source\repos\lms\lms\release\lms.issuelist.resources
c:\users\dell\source\repos\lms\lms\release\lms.login.resources
c:\users\dell\source\repos\lms\lms\release\lms.removebook.resources
c:\users\dell\source\repos\lms\lms\release\lms.removemember.resources
c:\users\dell\source\repos\lms\lms\release\lms.vcxproj.generateresource.cache
c:\users\dell\source\repos\lms\lms\release\lms.vcxprojassemblyreference.cache
c:\users\dell\source\repos\lms\lms\release\lms.tlog\cl.command.1.tlog
c:\users\dell\source\repos\lms\lms\release\lms.tlog\cl.read.1.tlog
c:\users\dell\source\repos\lms\lms\release\lms.tlog\cl.write.1.tlog
c:\users\dell\source\repos\lms\lms\release\lms.tlog\link.command.1.tlog
c:\users\dell\source\repos\lms\lms\release\lms.tlog\link.read.1.tlog
c:\users\dell\source\repos\lms\lms\release\lms.tlog\link.write.1.tlog
c:\users\dell\source\repos\lms\lms\release\lms.tlog\lms.write.1u.tlog
c:\users\dell\source\repos\lms\lms\release\lms.tlog\metagen.read.1.tlog
c:\users\dell\source\repos\lms\lms\release\lms.tlog\metagen.write.1.tlog
