c:\users\dell\source\repos\lms\lms\debug\vc141.pdb
c:\users\dell\source\repos\lms\lms\debug\login.obj
c:\users\dell\source\repos\lms\lms\debug\addmember.obj
c:\users\dell\source\repos\lms\lms\debug\myform.obj
c:\users\dell\source\repos\lms\lms\debug\removemember.obj
c:\users\dell\source\repos\lms\lms\debug\removebook.obj
c:\users\dell\source\repos\lms\lms\debug\home.obj
c:\users\dell\source\repos\lms\lms\debug\addbook.obj
c:\users\dell\source\repos\lms\lms\debug\issuebook.obj
c:\users\dell\source\repos\lms\lms\debug\depositbook.obj
c:\users\dell\source\repos\lms\lms\debug\issuelist.obj
c:\users\dell\source\repos\lms\lms\debug\.netframework,version=v4.6.1.assemblyattributes.obj
c:\users\dell\source\repos\lms\lms\debug\.netframework,version=v4.6.1.assemblyattributes.asm
c:\users\dell\source\repos\lms\debug\lms.exe
c:\users\dell\source\repos\lms\debug\lms.pdb
c:\users\dell\source\repos\lms\debug\mysql.data.dll
c:\users\dell\source\repos\lms\lms\debug\lms.login.resources
c:\users\dell\source\repos\lms\lms\debug\lms.addmember.resources
c:\users\dell\source\repos\lms\lms\debug\lms.home.resources
c:\users\dell\source\repos\lms\lms\debug\lms.removemember.resources
c:\users\dell\source\repos\lms\lms\debug\lms.removebook.resources
c:\users\dell\source\repos\lms\lms\debug\lms.addbook.resources
c:\users\dell\source\repos\lms\lms\debug\lms.depositbook.resources
c:\users\dell\source\repos\lms\lms\debug\lms.issuebook.resources
c:\users\dell\source\repos\lms\lms\debug\lms.issuelist.resources
c:\users\dell\source\repos\lms\lms\debug\lms.vcxproj.generateresource.cache
c:\users\dell\source\repos\lms\lms\debug\lms.vcxprojassemblyreference.cache
c:\users\dell\source\repos\lms\lms\debug\lms.tlog\cl.command.1.tlog
c:\users\dell\source\repos\lms\lms\debug\lms.tlog\cl.read.1.tlog
c:\users\dell\source\repos\lms\lms\debug\lms.tlog\cl.write.1.tlog
c:\users\dell\source\repos\lms\lms\debug\lms.tlog\link.command.1.tlog
c:\users\dell\source\repos\lms\lms\debug\lms.tlog\link.read.1.tlog
c:\users\dell\source\repos\lms\lms\debug\lms.tlog\link.write.1.tlog
c:\users\dell\source\repos\lms\lms\debug\lms.tlog\lms.write.1u.tlog
c:\users\dell\source\repos\lms\lms\debug\lms.tlog\metagen.read.1.tlog
c:\users\dell\source\repos\lms\lms\debug\lms.tlog\metagen.write.1.tlog
